<?xml version="1.0" encoding="UTF-8"?>
<!-- Generated by org.testng.reporters.JUnitReportReporter -->
<testsuite skipped="0" hostname="AbhayPC" name="com.practice.SpiceJetBookTest" tests="1" failures="0" timestamp="02 Jun 2020 06:43:02 GMT" time="20.000" errors="0">
  <testcase name="spiceTest" time="20.000" classname="com.practice.SpiceJetBookTest"/>
</testsuite> <!-- com.practice.SpiceJetBookTest -->
