<?xml version="1.0" encoding="UTF-8"?>
<!-- Generated by org.testng.reporters.JUnitReportReporter -->
<testsuite skipped="0" hostname="AbhayPC" name="com.practice.AmzonmusicTest" tests="1" failures="0" timestamp="02 Jun 2020 06:43:02 GMT" time="17.573" errors="0">
  <testcase name="searchMusic" time="17.573" classname="com.practice.AmzonmusicTest"/>
</testsuite> <!-- com.practice.AmzonmusicTest -->
