<?xml version="1.0" encoding="UTF-8"?>
<!-- Generated by org.testng.reporters.JUnitReportReporter -->
<testsuite skipped="0" hostname="AbhayPC" name="com.practice.SpiceJetHotelBooking" tests="1" failures="0" timestamp="30 May 2020 15:45:18 GMT" time="45.453" errors="0">
  <testcase name="hotelBooking" time="45.453" classname="com.practice.SpiceJetHotelBooking"/>
</testsuite> <!-- com.practice.SpiceJetHotelBooking -->
