<?xml version="1.0" encoding="UTF-8"?>
<!-- Generated by org.testng.reporters.JUnitReportReporter -->
<testsuite skipped="0" hostname="AbhayPC" name="com.practice.SpiceJetTest" tests="1" failures="0" timestamp="30 May 2020 10:11:18 GMT" time="21.904" errors="0">
  <testcase name="spiceTest" time="21.904" classname="com.practice.SpiceJetTest"/>
</testsuite> <!-- com.practice.SpiceJetTest -->
