<?xml version="1.0" encoding="UTF-8"?>
<!-- Generated by org.testng.reporters.JUnitReportReporter -->
<testsuite hostname="AbhayPC" failures="0" tests="1" name="com.practice.AmzonmusicTest" time="22.268" errors="0" timestamp="02 Jun 2020 07:02:23 GMT" skipped="0">
  <testcase classname="com.practice.AmzonmusicTest" name="searchMusic" time="22.268"/>
</testsuite> <!-- com.practice.AmzonmusicTest -->
